<?xml version="1.0" encoding="UTF-8"?>
<testng-results skipped="0" failed="0" ignored="0" total="1" passed="1">
  <reporter-output>
  </reporter-output>
  <suite name="Default suite" duration-ms="14305" started-at="2019-11-24T04:21:26Z" finished-at="2019-11-24T04:21:40Z">
    <groups>
    </groups>
    <test name="Default test" duration-ms="14305" started-at="2019-11-24T04:21:26Z" finished-at="2019-11-24T04:21:40Z">
      <class name="selenium.nov19.WebInteractions">
        <test-method status="PASS" signature="webInteractions()[pri:0, instance:selenium.nov19.WebInteractions@42dafa95]" name="webInteractions" duration-ms="14276" started-at="2019-11-24T04:21:26Z" finished-at="2019-11-24T04:21:40Z">
          <reporter-output>
          </reporter-output>
        </test-method> <!-- webInteractions -->
      </class> <!-- selenium.nov19.WebInteractions -->
    </test> <!-- Default test -->
  </suite> <!-- Default suite -->
</testng-results>
