<?xml version="1.0" encoding="UTF-8"?>
<testng-results skipped="0" failed="0" ignored="0" total="1" passed="1">
  <reporter-output>
  </reporter-output>
  <suite name="Default suite" duration-ms="55555" started-at="2019-11-30T00:11:52Z" finished-at="2019-11-30T00:12:48Z">
    <groups>
    </groups>
    <test name="Default test" duration-ms="55555" started-at="2019-11-30T00:11:52Z" finished-at="2019-11-30T00:12:48Z">
      <class name="servicenow.ResolveIncident">
        <test-method status="PASS" signature="resolveIncident()[pri:0, instance:servicenow.ResolveIncident@402a079c]" name="resolveIncident" duration-ms="55528" started-at="2019-11-30T00:11:52Z" finished-at="2019-11-30T00:12:48Z">
          <reporter-output>
          </reporter-output>
        </test-method> <!-- resolveIncident -->
      </class> <!-- servicenow.ResolveIncident -->
    </test> <!-- Default test -->
  </suite> <!-- Default suite -->
</testng-results>
